[2025-04-01 03:20:04] === PostgreSQL Counter Update Test Started ===
[2025-04-01 03:20:04] === Lost Update ===
[2025-04-01 03:20:04] Lost Update - Thread 1 started
[2025-04-01 03:20:04] Lost Update - Thread 2 started
[2025-04-01 03:20:04] Lost Update - Thread 3 started
[2025-04-01 03:20:04] Lost Update - Thread 4 started
[2025-04-01 03:20:04] Lost Update - Thread 5 started
[2025-04-01 03:20:04] Lost Update - Thread 6 started
[2025-04-01 03:20:04] Lost Update - Thread 7 started
[2025-04-01 03:20:04] Lost Update - Thread 8 started
[2025-04-01 03:20:04] Lost Update - Thread 9 started
[2025-04-01 03:20:04] Lost Update - Thread 10 started
[2025-04-01 03:21:09] Lost Update - Thread 1 joined
[2025-04-01 03:21:09] Lost Update - Thread 2 joined
[2025-04-01 03:21:09] Lost Update - Thread 3 joined
[2025-04-01 03:21:09] Lost Update - Thread 4 joined
[2025-04-01 03:21:09] Lost Update - Thread 5 joined
[2025-04-01 03:21:09] Lost Update - Thread 6 joined
[2025-04-01 03:21:09] Lost Update - Thread 7 joined
[2025-04-01 03:21:09] Lost Update - Thread 8 joined
[2025-04-01 03:21:09] Lost Update - Thread 9 joined
[2025-04-01 03:21:09] Lost Update - Thread 10 joined
[2025-04-01 03:21:09] Lost Update completed in 65.34 seconds. Final counter: 10297 (Expected: <100000 (expected loss))
[2025-04-01 03:21:09] === In-place Update ===
[2025-04-01 03:21:09] In-place Update - Thread 1 started
[2025-04-01 03:21:09] In-place Update - Thread 2 started
[2025-04-01 03:21:09] In-place Update - Thread 3 started
[2025-04-01 03:21:09] In-place Update - Thread 4 started
[2025-04-01 03:21:09] In-place Update - Thread 5 started
[2025-04-01 03:21:09] In-place Update - Thread 6 started
[2025-04-01 03:21:09] In-place Update - Thread 7 started
[2025-04-01 03:21:09] In-place Update - Thread 8 started
[2025-04-01 03:21:09] In-place Update - Thread 9 started
[2025-04-01 03:21:09] In-place Update - Thread 10 started
[2025-04-01 03:22:15] In-place Update - Thread 1 joined
[2025-04-01 03:22:15] In-place Update - Thread 2 joined
[2025-04-01 03:22:15] In-place Update - Thread 3 joined
[2025-04-01 03:22:15] In-place Update - Thread 4 joined
[2025-04-01 03:22:15] In-place Update - Thread 5 joined
[2025-04-01 03:22:15] In-place Update - Thread 6 joined
[2025-04-01 03:22:15] In-place Update - Thread 7 joined
[2025-04-01 03:22:15] In-place Update - Thread 8 joined
[2025-04-01 03:22:16] In-place Update - Thread 9 joined
[2025-04-01 03:22:16] In-place Update - Thread 10 joined
[2025-04-01 03:22:16] In-place Update completed in 66.35 seconds. Final counter: 100000 (Expected: 100000)
[2025-04-01 03:22:16] === Row-level Locking ===
[2025-04-01 03:22:16] Row-level Locking - Thread 1 started
[2025-04-01 03:22:16] Row-level Locking - Thread 2 started
[2025-04-01 03:22:16] Row-level Locking - Thread 3 started
[2025-04-01 03:22:16] Row-level Locking - Thread 4 started
[2025-04-01 03:22:16] Row-level Locking - Thread 5 started
[2025-04-01 03:22:16] Row-level Locking - Thread 6 started
[2025-04-01 03:22:16] Row-level Locking - Thread 7 started
[2025-04-01 03:22:16] Row-level Locking - Thread 8 started
[2025-04-01 03:22:16] Row-level Locking - Thread 9 started
[2025-04-01 03:22:16] Row-level Locking - Thread 10 started
[2025-04-01 03:23:35] Row-level Locking - Thread 1 joined
[2025-04-01 03:23:36] Row-level Locking - Thread 2 joined
[2025-04-01 03:23:36] Row-level Locking - Thread 3 joined
[2025-04-01 03:23:36] Row-level Locking - Thread 4 joined
[2025-04-01 03:23:36] Row-level Locking - Thread 5 joined
[2025-04-01 03:23:36] Row-level Locking - Thread 6 joined
[2025-04-01 03:23:36] Row-level Locking - Thread 7 joined
[2025-04-01 03:23:36] Row-level Locking - Thread 8 joined
[2025-04-01 03:23:36] Row-level Locking - Thread 9 joined
[2025-04-01 03:23:36] Row-level Locking - Thread 10 joined
[2025-04-01 03:23:36] Row-level Locking completed in 80.44 seconds. Final counter: 100000 (Expected: 100000)
[2025-04-01 03:23:36] === Optimistic Locking ===
[2025-04-01 03:23:36] Optimistic Locking - Thread 1 started
[2025-04-01 03:23:36] Optimistic Locking - Thread 2 started
[2025-04-01 03:23:36] Optimistic Locking - Thread 3 started
[2025-04-01 03:23:36] Optimistic Locking - Thread 4 started
[2025-04-01 03:23:36] Optimistic Locking - Thread 5 started
[2025-04-01 03:23:36] Optimistic Locking - Thread 6 started
[2025-04-01 03:23:36] Optimistic Locking - Thread 7 started
[2025-04-01 03:23:36] Optimistic Locking - Thread 8 started
[2025-04-01 03:23:36] Optimistic Locking - Thread 9 started
[2025-04-01 03:23:36] Optimistic Locking - Thread 10 started
[2025-04-01 03:31:55] Optimistic Locking - Thread 1 joined
[2025-04-01 03:31:55] Optimistic Locking - Thread 2 joined
[2025-04-01 03:32:00] Optimistic Locking - Thread 3 joined
[2025-04-01 03:32:00] Optimistic Locking - Thread 4 joined
[2025-04-01 03:32:00] Optimistic Locking - Thread 5 joined
[2025-04-01 03:32:00] Optimistic Locking - Thread 6 joined
[2025-04-01 03:32:00] Optimistic Locking - Thread 7 joined
[2025-04-01 03:32:03] Optimistic Locking - Thread 8 joined
[2025-04-01 03:32:03] Optimistic Locking - Thread 9 joined
[2025-04-01 03:32:03] Optimistic Locking - Thread 10 joined
[2025-04-01 03:32:03] Optimistic Locking completed in 506.58 seconds. Final counter: 100000 (Expected: 100000)
[2025-04-01 03:32:03] === PostgreSQL Counter Update Test Completed ===
